0 info it worked if it ends with ok
1 verbose cli [ '/opt/nodejs/bin/node',
1 verbose cli   '/opt/nodejs/bin/npm',
1 verbose cli   'install',
1 verbose cli   '-g',
1 verbose cli   'bower' ]
2 info using npm@3.10.10
3 info using node@v6.10.1
4 silly loadCurrentTree Starting
5 silly install loadCurrentTree
6 silly install readGlobalPackageData
7 silly fetchPackageMetaData bower
8 silly fetchNamedPackageData bower
9 silly mapToRegistry name bower
10 silly mapToRegistry using default registry
11 silly mapToRegistry registry https://registry.npmjs.org/
12 silly mapToRegistry data Result {
12 silly mapToRegistry   raw: 'bower',
12 silly mapToRegistry   scope: null,
12 silly mapToRegistry   escapedName: 'bower',
12 silly mapToRegistry   name: 'bower',
12 silly mapToRegistry   rawSpec: '',
12 silly mapToRegistry   spec: 'latest',
12 silly mapToRegistry   type: 'tag' }
13 silly mapToRegistry uri https://registry.npmjs.org/bower
14 verbose request uri https://registry.npmjs.org/bower
15 verbose request no auth needed
16 info attempt registry request try #1 at 19:36:50
17 verbose request id 9179f92d82683a96
18 verbose etag W/"58f23126-2afde"
19 verbose lastModified Sat, 15 Apr 2017 14:41:42 GMT
20 http request GET https://registry.npmjs.org/bower
21 http 200 https://registry.npmjs.org/bower
22 verbose headers { server: 'nginx/1.4.6 (Ubuntu)',
22 verbose headers   'content-type': 'application/json',
22 verbose headers   'last-modified': 'Sat, 15 Apr 2017 14:41:42 GMT',
22 verbose headers   'content-encoding': 'gzip',
22 verbose headers   'cache-control': 'max-age=300',
22 verbose headers   'content-length': '16710',
22 verbose headers   'accept-ranges': 'bytes',
22 verbose headers   date: 'Sun, 16 Apr 2017 11:36:51 GMT',
22 verbose headers   via: '1.1 varnish',
22 verbose headers   age: '94',
22 verbose headers   connection: 'keep-alive',
22 verbose headers   'x-served-by': 'cache-lax8635-LAX',
22 verbose headers   'x-cache': 'HIT',
22 verbose headers   'x-cache-hits': '1',
22 verbose headers   'x-timer': 'S1492342611.399091,VS0,VE1',
22 verbose headers   vary: 'Accept-Encoding' }
23 silly get cb [ 200,
23 silly get   { server: 'nginx/1.4.6 (Ubuntu)',
23 silly get     'content-type': 'application/json',
23 silly get     'last-modified': 'Sat, 15 Apr 2017 14:41:42 GMT',
23 silly get     'content-encoding': 'gzip',
23 silly get     'cache-control': 'max-age=300',
23 silly get     'content-length': '16710',
23 silly get     'accept-ranges': 'bytes',
23 silly get     date: 'Sun, 16 Apr 2017 11:36:51 GMT',
23 silly get     via: '1.1 varnish',
23 silly get     age: '94',
23 silly get     connection: 'keep-alive',
23 silly get     'x-served-by': 'cache-lax8635-LAX',
23 silly get     'x-cache': 'HIT',
23 silly get     'x-cache-hits': '1',
23 silly get     'x-timer': 'S1492342611.399091,VS0,VE1',
23 silly get     vary: 'Accept-Encoding' } ]
24 verbose get saving bower to /home/lxs/.npm/registry.npmjs.org/bower/.cache.json
25 verbose correctMkdir /home/lxs/.npm correctMkdir not in flight; initializing
26 silly install normalizeTree
27 silly loadCurrentTree Finishing
28 silly loadIdealTree Starting
29 silly install loadIdealTree
30 silly cloneCurrentTree Starting
31 silly install cloneCurrentTreeToIdealTree
32 silly cloneCurrentTree Finishing
33 silly loadShrinkwrap Starting
34 silly install loadShrinkwrap
35 silly loadShrinkwrap Finishing
36 silly loadAllDepsIntoIdealTree Starting
37 silly install loadAllDepsIntoIdealTree
38 silly resolveWithNewModule bower@1.8.0 checking installable status
39 silly cache add args [ 'bower', null ]
40 verbose cache add spec bower
41 silly cache add parsed spec Result {
41 silly cache add   raw: 'bower',
41 silly cache add   scope: null,
41 silly cache add   escapedName: 'bower',
41 silly cache add   name: 'bower',
41 silly cache add   rawSpec: '',
41 silly cache add   spec: 'latest',
41 silly cache add   type: 'tag' }
42 silly addNamed bower@latest
43 verbose addNamed "latest" is being treated as a dist-tag for bower
44 info addNameTag [ 'bower', 'latest' ]
45 silly mapToRegistry name bower
46 silly mapToRegistry using default registry
47 silly mapToRegistry registry https://registry.npmjs.org/
48 silly mapToRegistry data Result {
48 silly mapToRegistry   raw: 'bower',
48 silly mapToRegistry   scope: null,
48 silly mapToRegistry   escapedName: 'bower',
48 silly mapToRegistry   name: 'bower',
48 silly mapToRegistry   rawSpec: '',
48 silly mapToRegistry   spec: 'latest',
48 silly mapToRegistry   type: 'tag' }
49 silly mapToRegistry uri https://registry.npmjs.org/bower
50 verbose addNameTag registry:https://registry.npmjs.org/bower not in flight; fetching
51 verbose get https://registry.npmjs.org/bower not expired, no request
52 silly addNameTag next cb for bower with tag latest
53 silly addNamed bower@1.8.0
54 verbose addNamed "1.8.0" is a plain semver version for bower
55 silly cache afterAdd bower@1.8.0
56 verbose afterAdd /home/lxs/.npm/bower/1.8.0/package/package.json not in flight; writing
57 verbose correctMkdir /home/lxs/.npm correctMkdir not in flight; initializing
58 verbose afterAdd /home/lxs/.npm/bower/1.8.0/package/package.json written
59 silly loadAllDepsIntoIdealTree Finishing
60 silly loadIdealTree Finishing
61 silly currentTree lib
62 silly idealTree lib
62 silly idealTree └── bower@1.8.0
63 silly generateActionsToTake Starting
64 silly install generateActionsToTake
65 warn checkPermissions Missing write access to /opt/nodejs/lib/node_modules
66 silly rollbackFailedOptional Starting
67 silly rollbackFailedOptional Finishing
68 silly runTopLevelLifecycles Finishing
69 silly install printInstalled
70 verbose stack Error: EACCES: permission denied, access '/opt/nodejs/lib/node_modules'
70 verbose stack     at Error (native)
71 verbose cwd /home/lxs/worksapce/se2017/app
72 error Linux 4.4.0-31-generic
73 error argv "/opt/nodejs/bin/node" "/opt/nodejs/bin/npm" "install" "-g" "bower"
74 error node v6.10.1
75 error npm  v3.10.10
76 error path /opt/nodejs/lib/node_modules
77 error code EACCES
78 error errno -13
79 error syscall access
80 error Error: EACCES: permission denied, access '/opt/nodejs/lib/node_modules'
80 error     at Error (native)
80 error  { Error: EACCES: permission denied, access '/opt/nodejs/lib/node_modules'
80 error     at Error (native)
80 error   errno: -13,
80 error   code: 'EACCES',
80 error   syscall: 'access',
80 error   path: '/opt/nodejs/lib/node_modules' }
81 error Please try running this command again as root/Administrator.
82 verbose exit [ -13, true ]
